<?xml version="1.0" encoding="UTF-8"?>
<!-- Generated by org.testng.reporters.JUnitXMLReporter -->
<testsuite ignored="0" hostname="DESKTOP-8DULQMF" failures="1" tests="1" name="Test" time="16.878" errors="0" timestamp="2025-06-25T12:25:17 IST">
  <testcase classname="testCases.TC2_ProfileUpdateTest" name="updateProfile" time="12.383">
    <failure type="java.lang.AssertionError" message="The following asserts failed:
	expected [Aniket kush] but found [Anikeths kingkingking]">
      <![CDATA[java.lang.AssertionError: The following asserts failed:
expected [Aniket kush] but found [Anikeths kingkingking]
at pageObjects.ProfilePage.updateProfile(ProfilePage.java:48)
at testCases.TC2_ProfileUpdateTest.updateProfile(TC2_ProfileUpdateTest.java:19)
at java.base/java.util.ArrayList.forEach(ArrayList.java:1596)
... Removed 27 stack frames]]>
    </failure>
  </testcase> <!-- updateProfile -->
</testsuite> <!-- Test -->
