<?xml version="1.0" encoding="UTF-8"?>
<testng-results ignored="0" total="2" passed="1" failed="1" skipped="0">
  <reporter-output>
  </reporter-output>
  <suite started-at="2025-06-25T17:55:27 IST" name="Master Suite" finished-at="2025-06-25T17:56:14 IST" duration-ms="47256">
    <groups>
      <group name="Smoke">
        <method signature="TC2_ProfileUpdateTest.updateProfile()[pri:0, instance:testCases.TC2_ProfileUpdateTest@18f8cd79]" name="updateProfile" class="testCases.TC2_ProfileUpdateTest"/>
        <method signature="TC9_Requirement_Client_Page.client()[pri:0, instance:testCases.TC9_Requirement_Client_Page@28194a50]" name="client" class="testCases.TC9_Requirement_Client_Page"/>
      </group> <!-- Smoke -->
    </groups>
    <test started-at="2025-06-25T17:55:27 IST" name="Test" finished-at="2025-06-25T17:56:14 IST" duration-ms="47256">
      <class name="testCases.TC9_Requirement_Client_Page">
        <test-method is-config="true" signature="setUp(java.lang.String,java.lang.String)[pri:0, instance:testCases.TC9_Requirement_Client_Page@28194a50]" started-at="2025-06-25T17:55:44 IST" name="setUp" finished-at="2025-06-25T17:55:46 IST" duration-ms="2205" status="PASS">
          <params>
            <param index="0">
              <value>
                <![CDATA[Windows]]>
              </value>
            </param>
            <param index="1">
              <value>
                <![CDATA[chrome]]>
              </value>
            </param>
          </params>
          <reporter-output>
          </reporter-output>
        </test-method> <!-- setUp -->
        <test-method signature="client()[pri:0, instance:testCases.TC9_Requirement_Client_Page@28194a50]" started-at="2025-06-25T17:55:46 IST" name="client" description="Verify client search functionality in Requirement_Client_Page" finished-at="2025-06-25T17:56:13 IST" duration-ms="27345" status="PASS">
          <reporter-output>
          </reporter-output>
        </test-method> <!-- client -->
        <test-method is-config="true" signature="tearDown()[pri:0, instance:testCases.TC9_Requirement_Client_Page@28194a50]" started-at="2025-06-25T17:56:13 IST" name="tearDown" finished-at="2025-06-25T17:56:14 IST" duration-ms="718" status="PASS">
          <reporter-output>
          </reporter-output>
        </test-method> <!-- tearDown -->
      </class> <!-- testCases.TC9_Requirement_Client_Page -->
      <class name="testCases.TC2_ProfileUpdateTest">
        <test-method is-config="true" signature="setUp(java.lang.String,java.lang.String)[pri:0, instance:testCases.TC2_ProfileUpdateTest@18f8cd79]" started-at="2025-06-25T17:55:27 IST" name="setUp" finished-at="2025-06-25T17:55:31 IST" duration-ms="3760" status="PASS">
          <params>
            <param index="0">
              <value>
                <![CDATA[Windows]]>
              </value>
            </param>
            <param index="1">
              <value>
                <![CDATA[chrome]]>
              </value>
            </param>
          </params>
          <reporter-output>
          </reporter-output>
        </test-method> <!-- setUp -->
        <test-method signature="updateProfile()[pri:0, instance:testCases.TC2_ProfileUpdateTest@18f8cd79]" started-at="2025-06-25T17:55:31 IST" name="updateProfile" description="Update profile information in user account" finished-at="2025-06-25T17:55:43 IST" duration-ms="12326" status="FAIL">
          <exception class="java.lang.AssertionError">
            <message>
              <![CDATA[The following asserts failed:
expected [Aniket kush] but found [Anikeths kingkingkingking]]]>
            </message>
            <full-stacktrace>
              <![CDATA[java.lang.AssertionError: The following asserts failed:
expected [Aniket kush] but found [Anikeths kingkingkingking]
at org.testng.asserts.SoftAssert.assertAll(SoftAssert.java:46)
at org.testng.asserts.SoftAssert.assertAll(SoftAssert.java:30)
at pageObjects.ProfilePage.updateProfile(ProfilePage.java:48)
at testCases.TC2_ProfileUpdateTest.updateProfile(TC2_ProfileUpdateTest.java:19)
at java.base/jdk.internal.reflect.DirectMethodHandleAccessor.invoke(DirectMethodHandleAccessor.java:103)
at java.base/java.lang.reflect.Method.invoke(Method.java:580)
at org.testng.internal.invokers.MethodInvocationHelper.invokeMethod(MethodInvocationHelper.java:141)
at org.testng.internal.invokers.TestInvoker.invokeMethod(TestInvoker.java:687)
at org.testng.internal.invokers.TestInvoker.invokeTestMethod(TestInvoker.java:230)
at org.testng.internal.invokers.MethodRunner.runInSequence(MethodRunner.java:63)
at org.testng.internal.invokers.TestInvoker$MethodInvocationAgent.invoke(TestInvoker.java:995)
at org.testng.internal.invokers.TestInvoker.invokeTestMethods(TestInvoker.java:203)
at org.testng.internal.invokers.TestMethodWorker.invokeTestMethods(TestMethodWorker.java:154)
at org.testng.internal.invokers.TestMethodWorker.run(TestMethodWorker.java:134)
at java.base/java.util.ArrayList.forEach(ArrayList.java:1596)
at org.testng.TestRunner.privateRun(TestRunner.java:741)
at org.testng.TestRunner.run(TestRunner.java:616)
at org.testng.SuiteRunner.runTest(SuiteRunner.java:421)
at org.testng.SuiteRunner.runSequentially(SuiteRunner.java:413)
at org.testng.SuiteRunner.privateRun(SuiteRunner.java:373)
at org.testng.SuiteRunner.run(SuiteRunner.java:312)
at org.testng.SuiteRunnerWorker.runSuite(SuiteRunnerWorker.java:52)
at org.testng.SuiteRunnerWorker.run(SuiteRunnerWorker.java:95)
at org.testng.TestNG.runSuitesSequentially(TestNG.java:1274)
at org.testng.TestNG.runSuitesLocally(TestNG.java:1208)
at org.testng.TestNG.runSuites(TestNG.java:1112)
at org.testng.TestNG.run(TestNG.java:1079)
at org.testng.remote.AbstractRemoteTestNG.run(AbstractRemoteTestNG.java:115)
at org.testng.remote.RemoteTestNG.initAndRun(RemoteTestNG.java:293)
at org.testng.remote.RemoteTestNG.main(RemoteTestNG.java:91)
]]>
            </full-stacktrace>
          </exception> <!-- java.lang.AssertionError -->
          <reporter-output>
          </reporter-output>
        </test-method> <!-- updateProfile -->
        <test-method is-config="true" signature="tearDown()[pri:0, instance:testCases.TC2_ProfileUpdateTest@18f8cd79]" started-at="2025-06-25T17:55:43 IST" name="tearDown" finished-at="2025-06-25T17:55:44 IST" duration-ms="735" status="PASS">
          <reporter-output>
          </reporter-output>
        </test-method> <!-- tearDown -->
      </class> <!-- testCases.TC2_ProfileUpdateTest -->
    </test> <!-- Test -->
  </suite> <!-- Master Suite -->
</testng-results>
